<?xml version="1.0" encoding="UTF-8"?>
<coverage generated="1669954773946" clover="3.2.0">
  <project timestamp="1669954773946" name="All files">
    <metrics statements="63" coveredstatements="63" conditionals="16" coveredconditionals="16" methods="21" coveredmethods="21" elements="100" coveredelements="100" complexity="0" loc="63" ncloc="63" packages="2" files="6" classes="6"/>
    <package name="src">
      <metrics statements="5" coveredstatements="5" conditionals="2" coveredconditionals="2" methods="2" coveredmethods="2"/>
      <file name="App.jsx" path="/Users/armanjordan/Desktop/FullStack/Assignment8/Assignment8/frontend/src/App.jsx">
        <metrics statements="5" coveredstatements="5" conditionals="2" coveredconditionals="2" methods="2" coveredmethods="2"/>
        <line num="10" count="2" type="stmt"/>
        <line num="11" count="5" type="cond" truecount="2" falsecount="0"/>
        <line num="12" count="2" type="stmt"/>
        <line num="14" count="3" type="stmt"/>
        <line num="23" count="4" type="stmt"/>
      </file>
    </package>
    <package name="src.components">
      <metrics statements="58" coveredstatements="58" conditionals="14" coveredconditionals="14" methods="19" coveredmethods="19"/>
      <file name="Login.jsx" path="/Users/armanjordan/Desktop/FullStack/Assignment8/Assignment8/frontend/src/components/Login.jsx">
        <metrics statements="19" coveredstatements="19" conditionals="2" coveredconditionals="2" methods="7" coveredmethods="7"/>
        <line num="13" count="6" type="stmt"/>
        <line num="14" count="6" type="stmt"/>
        <line num="16" count="6" type="stmt"/>
        <line num="17" count="6" type="stmt"/>
        <line num="20" count="6" type="stmt"/>
        <line num="21" count="78" type="stmt"/>
        <line num="22" count="78" type="stmt"/>
        <line num="23" count="78" type="stmt"/>
        <line num="24" count="78" type="stmt"/>
        <line num="28" count="6" type="stmt"/>
        <line num="29" count="4" type="stmt"/>
        <line num="31" count="4" type="stmt"/>
        <line num="40" count="4" type="cond" truecount="2" falsecount="0"/>
        <line num="41" count="1" type="stmt"/>
        <line num="43" count="3" type="stmt"/>
        <line num="48" count="3" type="stmt"/>
        <line num="50" count="3" type="stmt"/>
        <line num="54" count="2" type="stmt"/>
        <line num="59" count="6" type="stmt"/>
      </file>
      <file name="Logout.jsx" path="/Users/armanjordan/Desktop/FullStack/Assignment8/Assignment8/frontend/src/components/Logout.jsx">
        <metrics statements="12" coveredstatements="12" conditionals="0" coveredconditionals="0" methods="2" coveredmethods="2"/>
        <line num="15" count="7" type="stmt"/>
        <line num="18" count="7" type="stmt"/>
        <line num="19" count="2" type="stmt"/>
        <line num="22" count="2" type="stmt"/>
        <line num="24" count="2" type="stmt"/>
        <line num="25" count="2" type="stmt"/>
        <line num="26" count="2" type="stmt"/>
        <line num="28" count="2" type="stmt"/>
        <line num="31" count="2" type="stmt"/>
        <line num="34" count="7" type="stmt"/>
        <line num="35" count="7" type="stmt"/>
        <line num="37" count="7" type="stmt"/>
      </file>
      <file name="NotFound.jsx" path="/Users/armanjordan/Desktop/FullStack/Assignment8/Assignment8/frontend/src/components/NotFound.jsx">
        <metrics statements="1" coveredstatements="1" conditionals="0" coveredconditionals="0" methods="1" coveredmethods="1"/>
        <line num="7" count="1" type="stmt"/>
      </file>
      <file name="Window.jsx" path="/Users/armanjordan/Desktop/FullStack/Assignment8/Assignment8/frontend/src/components/Window.jsx">
        <metrics statements="25" coveredstatements="25" conditionals="12" coveredconditionals="12" methods="9" coveredmethods="9"/>
        <line num="27" count="3" type="stmt"/>
        <line num="28" count="7" type="stmt"/>
        <line num="29" count="7" type="cond" truecount="2" falsecount="0"/>
        <line num="30" count="4" type="stmt"/>
        <line num="32" count="3" type="stmt"/>
        <line num="34" count="3" type="stmt"/>
        <line num="35" count="3" type="stmt"/>
        <line num="43" count="2" type="cond" truecount="2" falsecount="0"/>
        <line num="44" count="1" type="stmt"/>
        <line num="46" count="1" type="stmt"/>
        <line num="49" count="1" type="stmt"/>
        <line num="50" count="1" type="stmt"/>
        <line num="53" count="1" type="stmt"/>
        <line num="54" count="1" type="stmt"/>
        <line num="65" count="3" type="stmt"/>
        <line num="66" count="7" type="stmt"/>
        <line num="67" count="7" type="stmt"/>
        <line num="70" count="2" type="stmt"/>
        <line num="152" count="7" type="stmt"/>
        <line num="153" count="7" type="stmt"/>
        <line num="157" count="7" type="stmt"/>
        <line num="158" count="7" type="stmt"/>
        <line num="169" count="7" type="stmt"/>
        <line num="179" count="7" type="stmt"/>
        <line num="187" count="7" type="stmt"/>
      </file>
      <file name="WindowContext.jsx" path="/Users/armanjordan/Desktop/FullStack/Assignment8/Assignment8/frontend/src/components/WindowContext.jsx">
        <metrics statements="1" coveredstatements="1" conditionals="0" coveredconditionals="0" methods="0" coveredmethods="0"/>
        <line num="3" count="3" type="stmt"/>
      </file>
    </package>
  </project>
</coverage>
