{"/Users/armanjordan/Desktop/FullStack/Assignment8/Assignment8/frontend/src/App.jsx": {"path":"/Users/armanjordan/Desktop/FullStack/Assignment8/Assignment8/frontend/src/App.jsx","statementMap":{"0":{"start":{"line":10,"column":27},"end":{"line":15,"column":1}},"1":{"start":{"line":11,"column":2},"end":{"line":13,"column":3}},"2":{"start":{"line":12,"column":4},"end":{"line":12,"column":20}},"3":{"start":{"line":14,"column":2},"end":{"line":14,"column":42}},"4":{"start":{"line":23,"column":2},"end":{"line":45,"column":4}}},"fnMap":{"0":{"name":"(anonymous_0)","decl":{"start":{"line":10,"column":27},"end":{"line":10,"column":28}},"loc":{"start":{"line":10,"column":43},"end":{"line":15,"column":1}},"line":10},"1":{"name":"App","decl":{"start":{"line":22,"column":9},"end":{"line":22,"column":12}},"loc":{"start":{"line":22,"column":15},"end":{"line":46,"column":1}},"line":22}},"branchMap":{"0":{"loc":{"start":{"line":11,"column":2},"end":{"line":13,"column":3}},"type":"if","locations":[{"start":{"line":11,"column":2},"end":{"line":13,"column":3}},{"start":{},"end":{}}],"line":11}},"s":{"0":2,"1":5,"2":2,"3":3,"4":4},"f":{"0":5,"1":4},"b":{"0":[2,3]},"_coverageSchema":"1a1c01bbd47fc00a2c39e90264f33305004495a9","hash":"5ba085e6720e96f4526148b840594af464a3ad0f"}
,"/Users/armanjordan/Desktop/FullStack/Assignment8/Assignment8/frontend/src/components/Login.jsx": {"path":"/Users/armanjordan/Desktop/FullStack/Assignment8/Assignment8/frontend/src/components/Login.jsx","statementMap":{"0":{"start":{"line":13,"column":26},"end":{"line":13,"column":67}},"1":{"start":{"line":14,"column":18},"end":{"line":14,"column":31}},"2":{"start":{"line":16,"column":2},"end":{"line":18,"column":9}},"3":{"start":{"line":17,"column":4},"end":{"line":17,"column":36}},"4":{"start":{"line":20,"column":28},"end":{"line":25,"column":3}},"5":{"start":{"line":21,"column":26},"end":{"line":21,"column":38}},"6":{"start":{"line":22,"column":14},"end":{"line":22,"column":18}},"7":{"start":{"line":23,"column":4},"end":{"line":23,"column":20}},"8":{"start":{"line":24,"column":4},"end":{"line":24,"column":15}},"9":{"start":{"line":28,"column":23},"end":{"line":56,"column":3}},"10":{"start":{"line":29,"column":4},"end":{"line":29,"column":27}},"11":{"start":{"line":31,"column":4},"end":{"line":55,"column":9}},"12":{"start":{"line":40,"column":8},"end":{"line":42,"column":9}},"13":{"start":{"line":41,"column":10},"end":{"line":41,"column":20}},"14":{"start":{"line":43,"column":8},"end":{"line":43,"column":26}},"15":{"start":{"line":48,"column":8},"end":{"line":48,"column":59}},"16":{"start":{"line":50,"column":8},"end":{"line":50,"column":21}},"17":{"start":{"line":54,"column":8},"end":{"line":54,"column":64}},"18":{"start":{"line":59,"column":2},"end":{"line":86,"column":4}}},"fnMap":{"0":{"name":"Login","decl":{"start":{"line":12,"column":9},"end":{"line":12,"column":14}},"loc":{"start":{"line":12,"column":17},"end":{"line":87,"column":1}},"line":12},"1":{"name":"(anonymous_1)","decl":{"start":{"line":16,"column":18},"end":{"line":16,"column":19}},"loc":{"start":{"line":16,"column":24},"end":{"line":18,"column":3}},"line":16},"2":{"name":"(anonymous_2)","decl":{"start":{"line":20,"column":28},"end":{"line":20,"column":29}},"loc":{"start":{"line":20,"column":39},"end":{"line":25,"column":3}},"line":20},"3":{"name":"(anonymous_3)","decl":{"start":{"line":28,"column":23},"end":{"line":28,"column":24}},"loc":{"start":{"line":28,"column":34},"end":{"line":56,"column":3}},"line":28},"4":{"name":"(anonymous_4)","decl":{"start":{"line":39,"column":12},"end":{"line":39,"column":13}},"loc":{"start":{"line":39,"column":21},"end":{"line":44,"column":7}},"line":39},"5":{"name":"(anonymous_5)","decl":{"start":{"line":46,"column":12},"end":{"line":46,"column":13}},"loc":{"start":{"line":46,"column":22},"end":{"line":51,"column":7}},"line":46},"6":{"name":"(anonymous_6)","decl":{"start":{"line":53,"column":13},"end":{"line":53,"column":14}},"loc":{"start":{"line":53,"column":22},"end":{"line":55,"column":7}},"line":53}},"branchMap":{"0":{"loc":{"start":{"line":40,"column":8},"end":{"line":42,"column":9}},"type":"if","locations":[{"start":{"line":40,"column":8},"end":{"line":42,"column":9}},{"start":{},"end":{}}],"line":40}},"s":{"0":6,"1":6,"2":6,"3":6,"4":6,"5":78,"6":78,"7":78,"8":78,"9":6,"10":4,"11":4,"12":4,"13":1,"14":3,"15":3,"16":3,"17":2,"18":6},"f":{"0":6,"1":6,"2":78,"3":4,"4":4,"5":3,"6":2},"b":{"0":[1,3]},"_coverageSchema":"1a1c01bbd47fc00a2c39e90264f33305004495a9","hash":"44f0fd9aeea273d1734ffefb43aaae0c1f549968"}
,"/Users/armanjordan/Desktop/FullStack/Assignment8/Assignment8/frontend/src/components/Logout.jsx": {"path":"/Users/armanjordan/Desktop/FullStack/Assignment8/Assignment8/frontend/src/components/Logout.jsx","statementMap":{"0":{"start":{"line":15,"column":18},"end":{"line":15,"column":31}},"1":{"start":{"line":18,"column":23},"end":{"line":32,"column":3}},"2":{"start":{"line":19,"column":4},"end":{"line":19,"column":27}},"3":{"start":{"line":22,"column":4},"end":{"line":22,"column":23}},"4":{"start":{"line":24,"column":4},"end":{"line":24,"column":36}},"5":{"start":{"line":25,"column":4},"end":{"line":25,"column":35}},"6":{"start":{"line":26,"column":4},"end":{"line":26,"column":37}},"7":{"start":{"line":28,"column":4},"end":{"line":28,"column":24}},"8":{"start":{"line":31,"column":4},"end":{"line":31,"column":22}},"9":{"start":{"line":34,"column":20},"end":{"line":34,"column":45}},"10":{"start":{"line":35,"column":36},"end":{"line":35,"column":51}},"11":{"start":{"line":37,"column":2},"end":{"line":49,"column":4}}},"fnMap":{"0":{"name":"Logout","decl":{"start":{"line":14,"column":9},"end":{"line":14,"column":15}},"loc":{"start":{"line":14,"column":18},"end":{"line":50,"column":1}},"line":14},"1":{"name":"(anonymous_1)","decl":{"start":{"line":18,"column":23},"end":{"line":18,"column":24}},"loc":{"start":{"line":18,"column":34},"end":{"line":32,"column":3}},"line":18}},"branchMap":{},"s":{"0":7,"1":7,"2":2,"3":2,"4":2,"5":2,"6":2,"7":2,"8":2,"9":7,"10":7,"11":7},"f":{"0":7,"1":2},"b":{},"_coverageSchema":"1a1c01bbd47fc00a2c39e90264f33305004495a9","hash":"048d259b357ec3154bc30f63b0505088d583449d"}
,"/Users/armanjordan/Desktop/FullStack/Assignment8/Assignment8/frontend/src/components/NotFound.jsx": {"path":"/Users/armanjordan/Desktop/FullStack/Assignment8/Assignment8/frontend/src/components/NotFound.jsx","statementMap":{"0":{"start":{"line":7,"column":2},"end":{"line":11,"column":4}}},"fnMap":{"0":{"name":"NotFound","decl":{"start":{"line":6,"column":9},"end":{"line":6,"column":17}},"loc":{"start":{"line":6,"column":20},"end":{"line":12,"column":1}},"line":6}},"branchMap":{},"s":{"0":1},"f":{"0":1},"b":{},"_coverageSchema":"1a1c01bbd47fc00a2c39e90264f33305004495a9","hash":"dbdb5e972ddfde2280ea4d94f8c015481905b88e"}
,"/Users/armanjordan/Desktop/FullStack/Assignment8/Assignment8/frontend/src/components/Window.jsx": {"path":"/Users/armanjordan/Desktop/FullStack/Assignment8/Assignment8/frontend/src/components/Window.jsx","statementMap":{"0":{"start":{"line":27,"column":20},"end":{"line":56,"column":1}},"1":{"start":{"line":28,"column":15},"end":{"line":28,"column":43}},"2":{"start":{"line":29,"column":2},"end":{"line":31,"column":3}},"3":{"start":{"line":30,"column":4},"end":{"line":30,"column":11}},"4":{"start":{"line":32,"column":15},"end":{"line":32,"column":31}},"5":{"start":{"line":34,"column":22},"end":{"line":34,"column":38}},"6":{"start":{"line":35,"column":2},"end":{"line":55,"column":7}},"7":{"start":{"line":43,"column":6},"end":{"line":45,"column":7}},"8":{"start":{"line":44,"column":8},"end":{"line":44,"column":23}},"9":{"start":{"line":46,"column":6},"end":{"line":46,"column":29}},"10":{"start":{"line":49,"column":6},"end":{"line":49,"column":19}},"11":{"start":{"line":50,"column":6},"end":{"line":50,"column":29}},"12":{"start":{"line":53,"column":6},"end":{"line":53,"column":27}},"13":{"start":{"line":54,"column":6},"end":{"line":54,"column":56}},"14":{"start":{"line":65,"column":20},"end":{"line":139,"column":1}},"15":{"start":{"line":66,"column":15},"end":{"line":66,"column":16}},"16":{"start":{"line":67,"column":2},"end":{"line":138,"column":4}},"17":{"start":{"line":70,"column":6},"end":{"line":136,"column":12}},"18":{"start":{"line":152,"column":44},"end":{"line":152,"column":62}},"19":{"start":{"line":153,"column":28},"end":{"line":153,"column":56}},"20":{"start":{"line":157,"column":2},"end":{"line":159,"column":22}},"21":{"start":{"line":158,"column":4},"end":{"line":158,"column":44}},"22":{"start":{"line":169,"column":21},"end":{"line":174,"column":3}},"23":{"start":{"line":179,"column":2},"end":{"line":213,"column":4}},"24":{"start":{"line":187,"column":14},"end":{"line":187,"column":37}}},"fnMap":{"0":{"name":"(anonymous_0)","decl":{"start":{"line":27,"column":20},"end":{"line":27,"column":21}},"loc":{"start":{"line":27,"column":52},"end":{"line":56,"column":1}},"line":27},"1":{"name":"(anonymous_1)","decl":{"start":{"line":42,"column":10},"end":{"line":42,"column":11}},"loc":{"start":{"line":42,"column":24},"end":{"line":47,"column":5}},"line":42},"2":{"name":"(anonymous_2)","decl":{"start":{"line":48,"column":10},"end":{"line":48,"column":11}},"loc":{"start":{"line":48,"column":20},"end":{"line":51,"column":5}},"line":48},"3":{"name":"(anonymous_3)","decl":{"start":{"line":52,"column":11},"end":{"line":52,"column":12}},"loc":{"start":{"line":52,"column":22},"end":{"line":55,"column":5}},"line":52},"4":{"name":"(anonymous_4)","decl":{"start":{"line":65,"column":20},"end":{"line":65,"column":21}},"loc":{"start":{"line":65,"column":39},"end":{"line":139,"column":1}},"line":65},"5":{"name":"(anonymous_5)","decl":{"start":{"line":69,"column":22},"end":{"line":69,"column":23}},"loc":{"start":{"line":70,"column":6},"end":{"line":136,"column":12}},"line":70},"6":{"name":"Window","decl":{"start":{"line":149,"column":9},"end":{"line":149,"column":15}},"loc":{"start":{"line":149,"column":18},"end":{"line":214,"column":1}},"line":149},"7":{"name":"(anonymous_7)","decl":{"start":{"line":157,"column":18},"end":{"line":157,"column":19}},"loc":{"start":{"line":157,"column":24},"end":{"line":159,"column":3}},"line":157},"8":{"name":"(anonymous_8)","decl":{"start":{"line":186,"column":50},"end":{"line":186,"column":51}},"loc":{"start":{"line":187,"column":14},"end":{"line":187,"column":37}},"line":187}},"branchMap":{"0":{"loc":{"start":{"line":29,"column":2},"end":{"line":31,"column":3}},"type":"if","locations":[{"start":{"line":29,"column":2},"end":{"line":31,"column":3}},{"start":{},"end":{}}],"line":29},"1":{"loc":{"start":{"line":43,"column":6},"end":{"line":45,"column":7}},"type":"if","locations":[{"start":{"line":43,"column":6},"end":{"line":45,"column":7}},{"start":{},"end":{}}],"line":43},"2":{"loc":{"start":{"line":79,"column":13},"end":{"line":85,"column":23}},"type":"cond-expr","locations":[{"start":{"line":80,"column":14},"end":{"line":82,"column":23}},{"start":{"line":83,"column":14},"end":{"line":85,"column":23}}],"line":79},"3":{"loc":{"start":{"line":92,"column":17},"end":{"line":98,"column":31}},"type":"cond-expr","locations":[{"start":{"line":93,"column":18},"end":{"line":95,"column":31}},{"start":{"line":96,"column":18},"end":{"line":98,"column":31}}],"line":92},"4":{"loc":{"start":{"line":105,"column":15},"end":{"line":111,"column":29}},"type":"cond-expr","locations":[{"start":{"line":106,"column":16},"end":{"line":108,"column":29}},{"start":{"line":109,"column":16},"end":{"line":111,"column":29}}],"line":105},"5":{"loc":{"start":{"line":128,"column":17},"end":{"line":130,"column":57}},"type":"cond-expr","locations":[{"start":{"line":129,"column":18},"end":{"line":129,"column":63}},{"start":{"line":130,"column":18},"end":{"line":130,"column":57}}],"line":128}},"s":{"0":3,"1":7,"2":7,"3":4,"4":3,"5":3,"6":3,"7":2,"8":1,"9":1,"10":1,"11":1,"12":1,"13":1,"14":3,"15":7,"16":7,"17":2,"18":7,"19":7,"20":7,"21":7,"22":7,"23":7,"24":7},"f":{"0":7,"1":2,"2":1,"3":1,"4":7,"5":2,"6":7,"7":7,"8":7},"b":{"0":[4,3],"1":[1,1],"2":[1,1],"3":[1,1],"4":[1,1],"5":[1,1]},"_coverageSchema":"1a1c01bbd47fc00a2c39e90264f33305004495a9","hash":"60c72e405a68c54b495815df3f5ee851a8c5c26d"}
,"/Users/armanjordan/Desktop/FullStack/Assignment8/Assignment8/frontend/src/components/WindowContext.jsx": {"path":"/Users/armanjordan/Desktop/FullStack/Assignment8/Assignment8/frontend/src/components/WindowContext.jsx","statementMap":{"0":{"start":{"line":3,"column":22},"end":{"line":3,"column":43}}},"fnMap":{},"branchMap":{},"s":{"0":3},"f":{},"b":{},"_coverageSchema":"1a1c01bbd47fc00a2c39e90264f33305004495a9","hash":"4c773b639e9e2b16312d8180bb5a2c34e5941cfc"}
}
