TN:
SF:src/App.jsx
FN:10,(anonymous_0)
FN:22,App
FNF:2
FNH:2
FNDA:5,(anonymous_0)
FNDA:4,App
DA:10,2
DA:11,5
DA:12,2
DA:14,3
DA:23,4
LF:5
LH:5
BRDA:11,0,0,2
BRDA:11,0,1,3
BRF:2
BRH:2
end_of_record
TN:
SF:src/components/Login.jsx
FN:12,Login
FN:16,(anonymous_1)
FN:20,(anonymous_2)
FN:28,(anonymous_3)
FN:39,(anonymous_4)
FN:46,(anonymous_5)
FN:53,(anonymous_6)
FNF:7
FNH:7
FNDA:6,Login
FNDA:6,(anonymous_1)
FNDA:78,(anonymous_2)
FNDA:4,(anonymous_3)
FNDA:4,(anonymous_4)
FNDA:3,(anonymous_5)
FNDA:2,(anonymous_6)
DA:13,6
DA:14,6
DA:16,6
DA:17,6
DA:20,6
DA:21,78
DA:22,78
DA:23,78
DA:24,78
DA:28,6
DA:29,4
DA:31,4
DA:40,4
DA:41,1
DA:43,3
DA:48,3
DA:50,3
DA:54,2
DA:59,6
LF:19
LH:19
BRDA:40,0,0,1
BRDA:40,0,1,3
BRF:2
BRH:2
end_of_record
TN:
SF:src/components/Logout.jsx
FN:14,Logout
FN:18,(anonymous_1)
FNF:2
FNH:2
FNDA:7,Logout
FNDA:2,(anonymous_1)
DA:15,7
DA:18,7
DA:19,2
DA:22,2
DA:24,2
DA:25,2
DA:26,2
DA:28,2
DA:31,2
DA:34,7
DA:35,7
DA:37,7
LF:12
LH:12
BRF:0
BRH:0
end_of_record
TN:
SF:src/components/NotFound.jsx
FN:6,NotFound
FNF:1
FNH:1
FNDA:1,NotFound
DA:7,1
LF:1
LH:1
BRF:0
BRH:0
end_of_record
TN:
SF:src/components/Window.jsx
FN:27,(anonymous_0)
FN:42,(anonymous_1)
FN:48,(anonymous_2)
FN:52,(anonymous_3)
FN:65,(anonymous_4)
FN:69,(anonymous_5)
FN:149,Window
FN:157,(anonymous_7)
FN:186,(anonymous_8)
FNF:9
FNH:9
FNDA:7,(anonymous_0)
FNDA:2,(anonymous_1)
FNDA:1,(anonymous_2)
FNDA:1,(anonymous_3)
FNDA:7,(anonymous_4)
FNDA:2,(anonymous_5)
FNDA:7,Window
FNDA:7,(anonymous_7)
FNDA:7,(anonymous_8)
DA:27,3
DA:28,7
DA:29,7
DA:30,4
DA:32,3
DA:34,3
DA:35,3
DA:43,2
DA:44,1
DA:46,1
DA:49,1
DA:50,1
DA:53,1
DA:54,1
DA:65,3
DA:66,7
DA:67,7
DA:70,2
DA:152,7
DA:153,7
DA:157,7
DA:158,7
DA:169,7
DA:179,7
DA:187,7
LF:25
LH:25
BRDA:29,0,0,4
BRDA:29,0,1,3
BRDA:43,1,0,1
BRDA:43,1,1,1
BRDA:79,2,0,1
BRDA:79,2,1,1
BRDA:92,3,0,1
BRDA:92,3,1,1
BRDA:105,4,0,1
BRDA:105,4,1,1
BRDA:128,5,0,1
BRDA:128,5,1,1
BRF:12
BRH:12
end_of_record
TN:
SF:src/components/WindowContext.jsx
FNF:0
FNH:0
DA:3,3
LF:1
LH:1
BRF:0
BRH:0
end_of_record
