TN:
SF:src/app.js
FN:37,(anonymous_0)
FNF:1
FNH:1
FNDA:3,(anonymous_0)
DA:1,2
DA:2,2
DA:3,2
DA:4,2
DA:5,2
DA:6,2
DA:7,2
DA:10,2
DA:11,2
DA:12,2
DA:14,2
DA:15,2
DA:16,2
DA:17,2
DA:19,2
DA:21,2
DA:22,2
DA:24,2
DA:32,2
DA:33,2
DA:35,2
DA:37,2
DA:39,3
DA:46,2
LF:24
LH:24
BRF:0
BRH:0
end_of_record
TN:
SF:src/auth.js
FN:20,(anonymous_0)
FN:32,(anonymous_1)
FN:54,(anonymous_2)
FN:61,(anonymous_3)
FNF:4
FNH:4
FNDA:5,(anonymous_0)
FNDA:16,(anonymous_1)
FNDA:2,(anonymous_2)
FNDA:2,(anonymous_3)
DA:1,2
DA:2,2
DA:5,2
DA:8,2
DA:10,2
DA:20,2
DA:21,5
DA:24,5
DA:25,5
DA:28,5
DA:29,5
DA:32,5
DA:33,16
DA:39,5
DA:40,4
DA:46,4
DA:48,1
DA:54,2
DA:56,2
DA:59,2
DA:61,2
DA:62,2
DA:63,1
DA:67,1
DA:68,1
LF:25
LH:25
BRDA:33,0,0,16
BRDA:33,0,1,4
BRDA:39,1,0,4
BRDA:39,1,1,1
BRDA:62,2,0,1
BRDA:62,2,1,1
BRF:6
BRH:6
end_of_record
TN:
SF:src/dummy.js
FN:11,(anonymous_0)
FN:21,(anonymous_1)
FNF:2
FNH:2
FNDA:1,(anonymous_0)
FNDA:1,(anonymous_1)
DA:1,2
DA:3,2
DA:11,2
DA:12,1
DA:13,1
DA:17,1
DA:18,1
DA:21,2
DA:22,1
LF:9
LH:9
BRF:0
BRH:0
end_of_record
TN:
SF:src/mail.js
FN:5,(anonymous_0)
FN:16,(anonymous_1)
FN:17,(anonymous_2)
FN:37,(anonymous_3)
FNF:4
FNH:4
FNDA:1,(anonymous_0)
FNDA:1,(anonymous_1)
FNDA:124,(anonymous_2)
FNDA:36,(anonymous_3)
DA:2,2
DA:5,2
DA:6,1
DA:8,1
DA:11,1
DA:16,2
DA:17,1
DA:18,124
DA:23,1
DA:26,1
DA:37,1
DA:39,36
DA:44,1
DA:49,35
DA:50,35
DA:52,35
DA:55,1
DA:58,34
DA:61,31
DA:66,3
DA:71,1
LF:21
LH:21
BRDA:39,0,0,1
BRDA:39,0,1,35
BRDA:39,1,0,36
BRDA:39,1,1,1
BRDA:39,1,2,1
BRDA:52,2,0,1
BRDA:52,2,1,34
BRDA:52,3,0,35
BRDA:52,3,1,1
BRDA:52,3,2,1
BRDA:58,4,0,31
BRDA:58,4,1,3
BRF:12
BRH:12
end_of_record
TN:
SF:src/maildb.js
FN:12,(anonymous_0)
FNF:1
FNH:1
FNDA:1,(anonymous_0)
DA:2,2
DA:4,2
DA:12,2
DA:14,1
DA:16,1
DA:17,1
DA:22,1
DA:25,1
DA:27,1
DA:29,36
DA:40,36
DA:42,1
LF:12
LH:12
BRF:0
BRH:0
end_of_record
TN:
SF:src/__tests__/db.js
FN:19,(anonymous_0)
FN:27,(anonymous_1)
FN:33,(anonymous_2)
FN:34,(anonymous_3)
FNF:4
FNH:4
FNDA:6,(anonymous_0)
FNDA:2,(anonymous_1)
FNDA:2,(anonymous_2)
FNDA:2,(anonymous_3)
DA:5,2
DA:6,2
DA:8,2
DA:9,2
DA:11,2
DA:19,2
DA:20,6
DA:21,6
DA:22,6
DA:23,246
DA:27,2
DA:28,2
DA:29,2
DA:30,2
DA:33,2
DA:34,2
LF:16
LH:16
BRF:0
BRH:0
end_of_record
